-------------------------------------------------------------------------------
Test set: com.society.server.service.PostServiceTest
-------------------------------------------------------------------------------
Tests run: 15, Failures: 2, Errors: 1, Skipped: 0, Time elapsed: 0.388 s <<< FAILURE! - in com.society.server.service.PostServiceTest
createPostSuccessful  Time elapsed: 0.006 s  <<< ERROR!
org.mockito.exceptions.misusing.UnnecessaryStubbingException: 

Unnecessary stubbings detected.
Clean & maintainable test code requires zero unnecessary code.
Following stubbings are unnecessary (click to navigate to relevant line of code):
  1. -> at com.society.server.service.PostServiceTest.createPostSuccessful(PostServiceTest.java:112)
Please remove unnecessary stubbings or use 'lenient' strictness. More info: javadoc for UnnecessaryStubbingException class.

createPostThrownUserNotFoundException  Time elapsed: 0.002 s  <<< FAILURE!
org.opentest4j.AssertionFailedError: User with username "testuser" not exist. ==> Unexpected exception type thrown, expected: <com.society.server.exception.ResourceNotFoundException> but was: <java.lang.NullPointerException>
	at com.society.server.service.PostServiceTest.createPostThrownUserNotFoundException(PostServiceTest.java:135)
Caused by: java.lang.NullPointerException: Cannot invoke "com.society.server.model.entity.PostEntity.setAuthorUsername(String)" because "postEntity" is null
	at com.society.server.service.PostServiceTest.lambda$createPostThrownUserNotFoundException$1(PostServiceTest.java:135)
	at com.society.server.service.PostServiceTest.createPostThrownUserNotFoundException(PostServiceTest.java:135)

canGetAllPosts  Time elapsed: 0.002 s  <<< FAILURE!
org.mockito.exceptions.verification.WantedButNotInvoked: 

Wanted but not invoked:
postRepository.findAll();
-> at com.society.server.service.PostServiceTest.canGetAllPosts(PostServiceTest.java:52)

However, there was exactly 1 interaction with this mock:
postRepository.findTop50ByOrderByCreatedOnDesc();
-> at com.society.server.service.PostService.getAllPosts(PostService.java:40)


	at com.society.server.service.PostServiceTest.canGetAllPosts(PostServiceTest.java:52)

