<?xml version="1.0" encoding="UTF-8"?>
<testsuite xmlns:xsi="http://www.w3.org/2001/XMLSchema-instance" xsi:noNamespaceSchemaLocation="https://maven.apache.org/surefire/maven-surefire-plugin/xsd/surefire-test-report.xsd" name="com.society.server.service.PostServiceTest" time="0.388" tests="15" errors="1" skipped="0" failures="2">
  <properties>
[...]
</properties>
  <testcase name="isOwnerFalse" classname="com.society.server.service.PostServiceTest" time="0.329"/>
  <testcase name="updatePostThrownNotFoundException" classname="com.society.server.service.PostServiceTest" time="0.006"/>
  <testcase name="findPostSuccessful" classname="com.society.server.service.PostServiceTest" time="0.002"/>
  <testcase name="isAdminFalse" classname="com.society.server.service.PostServiceTest" time="0.001"/>
  <testcase name="isOwnerThrowsResourceNotFoundExceptionWhenPostDoesNotExists" classname="com.society.server.service.PostServiceTest" time="0.001"/>
  <testcase name="findPostThrownNotFoundException" classname="com.society.server.service.PostServiceTest" time="0.001"/>
  <testcase name="updatePostSuccessful" classname="com.society.server.service.PostServiceTest" time="0.022"/>
  <testcase name="createPostSuccessful" classname="com.society.server.service.PostServiceTest" time="0.006">
    <error message="&#10;Unnecessary stubbings detected.&#10;Clean &amp; maintainable test code requires zero unnecessary code.&#10;Following stubbings are unnecessary (click to navigate to relevant line of code):&#10;  1. -&gt; at com.society.server.service.PostServiceTest.createPostSuccessful(PostServiceTest.java:112)&#10;Please remove unnecessary stubbings or use &apos;lenient&apos; strictness. More info: javadoc for UnnecessaryStubbingException class." type="org.mockito.exceptions.misusing.UnnecessaryStubbingException"><![CDATA[org.mockito.exceptions.misusing.UnnecessaryStubbingException: 

Unnecessary stubbings detected.
Clean & maintainable test code requires zero unnecessary code.
Following stubbings are unnecessary (click to navigate to relevant line of code):
  1. -> at com.society.server.service.PostServiceTest.createPostSuccessful(PostServiceTest.java:112)
Please remove unnecessary stubbings or use 'lenient' strictness. More info: javadoc for UnnecessaryStubbingException class.
]]></error>
  </testcase>
  <testcase name="createPostThrownUserNotFoundException" classname="com.society.server.service.PostServiceTest" time="0.002">
    <failure message="User with username &quot;testuser&quot; not exist. ==&gt; Unexpected exception type thrown, expected: &lt;com.society.server.exception.ResourceNotFoundException&gt; but was: &lt;java.lang.NullPointerException&gt;" type="org.opentest4j.AssertionFailedError"><![CDATA[org.opentest4j.AssertionFailedError: User with username "testuser" not exist. ==> Unexpected exception type thrown, expected: <com.society.server.exception.ResourceNotFoundException> but was: <java.lang.NullPointerException>
	at com.society.server.service.PostServiceTest.createPostThrownUserNotFoundException(PostServiceTest.java:135)
Caused by: java.lang.NullPointerException: Cannot invoke "com.society.server.model.entity.PostEntity.setAuthorUsername(String)" because "postEntity" is null
	at com.society.server.service.PostServiceTest.lambda$createPostThrownUserNotFoundException$1(PostServiceTest.java:135)
	at com.society.server.service.PostServiceTest.createPostThrownUserNotFoundException(PostServiceTest.java:135)
]]></failure>
  </testcase>
  <testcase name="deletePostSuccessfulWithAdminRole" classname="com.society.server.service.PostServiceTest" time="0.002"/>
  <testcase name="isOwnerTrue" classname="com.society.server.service.PostServiceTest" time="0.001"/>
  <testcase name="isAdminTrue" classname="com.society.server.service.PostServiceTest" time="0"/>
  <testcase name="deletePostSuccessfulWithUserRole" classname="com.society.server.service.PostServiceTest" time="0.001"/>
  <testcase name="canGetAllPosts" classname="com.society.server.service.PostServiceTest" time="0.002">
    <failure message="&#10;Wanted but not invoked:&#10;postRepository.findAll();&#10;-&gt; at com.society.server.service.PostServiceTest.canGetAllPosts(PostServiceTest.java:52)&#10;&#10;However, there was exactly 1 interaction with this mock:&#10;postRepository.findTop50ByOrderByCreatedOnDesc();&#10;-&gt; at com.society.server.service.PostService.getAllPosts(PostService.java:40)&#10;&#10;" type="org.mockito.exceptions.verification.WantedButNotInvoked">org.mockito.exceptions.verification.WantedButNotInvoked: 

Wanted but not invoked:
postRepository.findAll();
-> at com.society.server.service.PostServiceTest.canGetAllPosts(PostServiceTest.java:52)

However, there was exactly 1 interaction with this mock:
postRepository.findTop50ByOrderByCreatedOnDesc();
-> at com.society.server.service.PostService.getAllPosts(PostService.java:40)


	at com.society.server.service.PostServiceTest.canGetAllPosts(PostServiceTest.java:52)
</failure>
  </testcase>
  <testcase name="deletePostFailedAndThrowNotAuthorizedExceptionWhenNotEnoughPermissions" classname="com.society.server.service.PostServiceTest" time="0.001"/>
</testsuite>